<?xml version="1.0" encoding="UTF-8"?>
<!-- Generated by org.testng.reporters.JUnitReportReporter -->
<testsuite hostname="welcome-PC" failures="0" tests="4" name="runner.TestRunner" time="73.582" errors="4" timestamp="2020-08-23T16:43:34 IST" skipped="0">
  <testcase classname="runner.TestRunner" name="runScenario" time="18.406">
    <error type="java.lang.NullPointerException">
      <![CDATA[java.lang.NullPointerException
at stepdefinitions.Hook.setUp(Hook.java:43)
]]>
    </error>
  </testcase> <!-- runScenario -->
  <system-out/>
  <testcase classname="runner.TestRunner" name="runScenario" time="18.324">
    <error type="java.lang.NullPointerException">
      <![CDATA[java.lang.NullPointerException
at stepdefinitions.Hook.setUp(Hook.java:43)
]]>
    </error>
  </testcase> <!-- runScenario -->
  <system-out/>
  <testcase classname="runner.TestRunner" name="runScenario" time="18.491">
    <error type="java.lang.NullPointerException">
      <![CDATA[java.lang.NullPointerException
at stepdefinitions.Hook.setUp(Hook.java:43)
]]>
    </error>
  </testcase> <!-- runScenario -->
  <system-out/>
  <testcase classname="runner.TestRunner" name="runScenario" time="18.361">
    <error type="java.lang.NullPointerException">
      <![CDATA[java.lang.NullPointerException
at stepdefinitions.Hook.setUp(Hook.java:43)
]]>
    </error>
  </testcase> <!-- runScenario -->
  <system-out/>
</testsuite> <!-- runner.TestRunner -->
